<?xml version="1.0" encoding="UTF-8"?>
<testsuites>
  <testsuite name="fastlane.lanes">
    
    
    
      
      <testcase classname="fastlane.lanes" name="0: cocoapods" time="3.053658">
        
      </testcase>
    
      
      <testcase classname="fastlane.lanes" name="1: version_bump_podspec" time="0.003144">
        
      </testcase>
    
      
      <testcase classname="fastlane.lanes" name="2: git_add" time="0.052052">
        
      </testcase>
    
      
      <testcase classname="fastlane.lanes" name="3: git_commit" time="0.043723">
        
      </testcase>
    
      
      <testcase classname="fastlane.lanes" name="4: push_to_git_remote" time="4.660742">
        
      </testcase>
    
      
      <testcase classname="fastlane.lanes" name="5: git_tag_exists" time="0.018507">
        
      </testcase>
    
      
      <testcase classname="fastlane.lanes" name="6: remove_tag" time="4.11567">
        
      </testcase>
    
      
      <testcase classname="fastlane.lanes" name="7: add_git_tag" time="0.020288">
        
      </testcase>
    
      
      <testcase classname="fastlane.lanes" name="8: push_git_tags" time="3.608239">
        
      </testcase>
    
      
      <testcase classname="fastlane.lanes" name="9: pod_push" time="79.01691">
        
          <failure message="/usr/local/lib/ruby/gems/2.4.0/gems/fastlane-2.79.0/fastlane/lib/fastlane/actions/actions_helper.rb:48:in `execute_action'&#10;/usr/local/lib/ruby/gems/2.4.0/gems/fastlane-2.79.0/fastlane/lib/fastlane/runner.rb:231:in `block in execute_action'&#10;/usr/local/lib/ruby/gems/2.4.0/gems/fastlane-2.79.0/fastlane/lib/fastlane/runner.rb:227:in `chdir'&#10;/usr/local/lib/ruby/gems/2.4.0/gems/fastlane-2.79.0/fastlane/lib/fastlane/runner.rb:227:in `execute_action'&#10;/usr/local/lib/ruby/gems/2.4.0/gems/fastlane-2.79.0/fastlane/lib/fastlane/runner.rb:148:in `trigger_action_by_name'&#10;/usr/local/lib/ruby/gems/2.4.0/gems/fastlane-2.79.0/fastlane/lib/fastlane/fast_file.rb:148:in `method_missing'&#10;Fastfile:51:in `block in parsing_binding'&#10;/usr/local/lib/ruby/gems/2.4.0/gems/fastlane-2.79.0/fastlane/lib/fastlane/lane.rb:33:in `call'&#10;/usr/local/lib/ruby/gems/2.4.0/gems/fastlane-2.79.0/fastlane/lib/fastlane/runner.rb:49:in `block in execute'&#10;/usr/local/lib/ruby/gems/2.4.0/gems/fastlane-2.79.0/fastlane/lib/fastlane/runner.rb:45:in `chdir'&#10;/usr/local/lib/ruby/gems/2.4.0/gems/fastlane-2.79.0/fastlane/lib/fastlane/runner.rb:45:in `execute'&#10;/usr/local/lib/ruby/gems/2.4.0/gems/fastlane-2.79.0/fastlane/lib/fastlane/lane_manager.rb:56:in `cruise_lane'&#10;/usr/local/lib/ruby/gems/2.4.0/gems/fastlane-2.79.0/fastlane/lib/fastlane/command_line_handler.rb:36:in `handle'&#10;/usr/local/lib/ruby/gems/2.4.0/gems/fastlane-2.79.0/fastlane/lib/fastlane/commands_generator.rb:108:in `block (2 levels) in run'&#10;/usr/local/lib/ruby/gems/2.4.0/gems/commander-fastlane-4.4.5/lib/commander/command.rb:178:in `call'&#10;/usr/local/lib/ruby/gems/2.4.0/gems/commander-fastlane-4.4.5/lib/commander/command.rb:153:in `run'&#10;/usr/local/lib/ruby/gems/2.4.0/gems/commander-fastlane-4.4.5/lib/commander/runner.rb:476:in `run_active_command'&#10;/usr/local/lib/ruby/gems/2.4.0/gems/fastlane-2.79.0/fastlane_core/lib/fastlane_core/ui/fastlane_runner.rb:75:in `run!'&#10;/usr/local/lib/ruby/gems/2.4.0/gems/commander-fastlane-4.4.5/lib/commander/delegates.rb:15:in `run!'&#10;/usr/local/lib/ruby/gems/2.4.0/gems/fastlane-2.79.0/fastlane/lib/fastlane/commands_generator.rb:337:in `run'&#10;/usr/local/lib/ruby/gems/2.4.0/gems/fastlane-2.79.0/fastlane/lib/fastlane/commands_generator.rb:42:in `start'&#10;/usr/local/lib/ruby/gems/2.4.0/gems/fastlane-2.79.0/fastlane/lib/fastlane/cli_tools_distributor.rb:98:in `take_off'&#10;/usr/local/lib/ruby/gems/2.4.0/gems/fastlane-2.79.0/bin/fastlane:20:in `&lt;top (required)&gt;'&#10;/usr/local/bin/fastlane:23:in `load'&#10;/usr/local/bin/fastlane:23:in `&lt;main&gt;'&#10;&#10;Exit status of command 'pod trunk push --allow-warnings' was 1 instead of 0.&#10;[32m&#10;[!] Found podspec `LGSocket.podspec`[0m&#10;Updating spec repo `master`&#10;Validating podspec&#10; -&gt; LGSocket -&gt; LGSocket (0.1.0)&#10;    - WARN  | [iOS] swift: The validator used Swift 3.2 by default because no Swift version was specified. To specify a Swift version during validation, add the `swift_version` attribute in your podspec. Note that usage of the `--swift-version` parameter or a `.swift-version` file is now deprecated.&#10;    - ERROR | [iOS] xcodebuild: Returned an unsuccessful exit code. You can use `--verbose` for more information.&#10;    - NOTE  | xcodebuild:  warning: no rule to process file 'LGSocket/LGSocket/LGMessage.proto' of type text for architecture i386&#10;    - NOTE  | xcodebuild:  warning: no rule to process file 'LGSocket/LGSocket/LGMessage.proto' of type text for architecture x86_64&#10;    - ERROR | [iOS] xcodebuild:  LGSocket/LGSocket/LGClient.swift:23:9: error: 'isRunning' is inaccessible due to 'private' protection level&#10;    - NOTE  | xcodebuild:  LGSocket/LGSocket/LGClient.swift:14:17: note: 'isRunning' declared here&#10;    - ERROR | [iOS] xcodebuild:  LGSocket/LGSocket/LGClient.swift:24:15: error: 'isRunning' is inaccessible due to 'private' protection level&#10;    - ERROR | [iOS] xcodebuild:  LGSocket/LGSocket/LGClient.swift:51:17: error: 'isRunning' is inaccessible due to 'private' protection level&#10;    - ERROR | [iOS] xcodebuild:  LGSocket/LGSocket/LGServerManager.swift:25:25: error: 'tcpServer' is inaccessible due to 'private' protection level&#10;    - NOTE  | xcodebuild:  LGSocket/LGSocket/LGServerManager.swift:11:22: note: 'tcpServer' declared here&#10;    - ERROR | [iOS] xcodebuild:  LGSocket/LGSocket/LGServerManager.swift:29:24: error: 'fire' is inaccessible due to 'private' protection level&#10;    - NOTE  | xcodebuild:  LGSocket/LGSocket/LGServerManager.swift:15:17: note: 'fire' declared here&#10;    - ERROR | [iOS] xcodebuild:  LGSocket/LGSocket/LGServerManager.swift:30:41: error: 'tcpServer' is inaccessible due to 'private' protection level&#10;    - ERROR | [iOS] xcodebuild:  LGSocket/LGSocket/LGServerManager.swift:41:14: error: 'fire' is inaccessible due to 'private' protection level&#10;    - ERROR | [iOS] xcodebuild:  LGSocket/LGSocket/LGServerManager.swift:48:9: error: 'clients' is inaccessible due to 'private' protection level&#10;    - NOTE  | xcodebuild:  LGSocket/LGSocket/LGServerManager.swift:13:22: note: 'clients' declared here&#10;    - ERROR | [iOS] xcodebuild:  LGSocket/LGSocket/LGServerManager.swift:53:37: error: 'clients' is inaccessible due to 'private' protection level&#10;    - ERROR | [iOS] xcodebuild:  LGSocket/LGSocket/LGServerManager.swift:60:27: error: 'clients' is inaccessible due to 'private' protection level&#10;    - ERROR | [iOS] xcodebuild:  LGSocket/LGSocket/LGServerManager.swift:66:33: error: 'clients' is inaccessible due to 'private' protection level&#10;    - ERROR | [iOS] xcodebuild:  LGSocket/LGSocket/LGSocket.swift:28:23: error: 'tcpClient' is inaccessible due to 'private' protection level&#10;    - NOTE  | xcodebuild:  LGSocket/LGSocket/LGSocket.swift:17:22: note: 'tcpClient' declared here&#10;    - ERROR | [iOS] xcodebuild:  LGSocket/LGSocket/LGSocket.swift:36:9: error: 'tcpClient' is inaccessible due to 'private' protection level&#10;    - ERROR | [iOS] xcodebuild:  LGSocket/LGSocket/LGSocket.swift:42:42: error: 'tcpClient' is inaccessible due to 'private' protection level&#10;    - ERROR | [iOS] xcodebuild:  LGSocket/LGSocket/LGSocket.swift:49:48: error: 'tcpClient' is inaccessible due to 'private' protection level&#10;    - ERROR | [iOS] xcodebuild:  LGSocket/LGSocket/LGSocket.swift:50:30: error: 'tcpClient' is inaccessible due to 'private' protection level&#10;    - ERROR | [iOS] xcodebuild:  LGSocket/LGSocket/LGSocket.swift:58:48: error: 'tcpClient' is inaccessible due to 'private' protection level&#10;    - ERROR | [iOS] xcodebuild:  LGSocket/LGSocket/LGSocket.swift:99:16: error: 'tcpClient' is inaccessible due to 'private' protection level&#10;&#10;[!] The spec did not pass validation, due to 19 errors.&#10;" />
        
      </testcase>
    
  </testsuite>
</testsuites>
